# JRE version: OpenJDK Runtime Environment Temurin-21.0.3+9 (21.0.3+9) (build 21.0.3+9-LTS)
# Java VM: OpenJDK 64-Bit Server VM Temurin-21.0.3+9 (21.0.3+9-LTS, mixed mode, emulated-client, tiered, compressed oops, compressed class ptrs, g1 gc, windows-amd64)
GC Precious Log:
 CardTable entry size: 512
 Card Set container configuration: InlinePtr #cards 5 size 8 Array Of Cards #cards 12 size 40 Howl #buckets 4 coarsen threshold 1843 Howl Bitmap #cards 512 size 80 coarsen threshold 460 Card regions per heap region 1 cards per card region 2048
 CPUs: 4 total, 4 available
 Memory: 7075M
 Large Page Support: Disabled
 NUMA Support: Disabled
 Compressed Oops: Enabled (32-bit)
 Heap Region Size: 1M
 Heap Min Capacity: 8M
 Heap Initial Capacity: 112M
 Heap Max Capacity: 1770M
 Pre-touch: Disabled
 Parallel Workers: 4
 Concurrent Workers: 1
 Concurrent Refinement Workers: 4
 Periodic GC: Disabled
Heap:
 garbage-first heap   total 68608K, used 30217K [0x0000000091600000, 0x0000000100000000)
  region size 1024K, 1 young (1024K), 0 survivors (0K)
 Metaspace       used 97184K, committed 98176K, reserved 1179648K
  class space    used 13100K, committed 13504K, reserved 1048576K
GC Heap History (20 events):
Event: 15.369 GC heap before
{Heap before GC invocations=17 (full 0):
 garbage-first heap   total 58368K, used 50528K [0x0000000091600000, 0x0000000100000000)
  region size 1024K, 23 young (23552K), 3 survivors (3072K)
 Metaspace       used 76090K, committed 76736K, reserved 1179648K
  class space    used 10145K, committed 10432K, reserved 1048576K
}
Event: 15.374 GC heap after
{Heap after GC invocations=18 (full 0):
 garbage-first heap   total 58368K, used 30866K [0x0000000091600000, 0x0000000100000000)
  region size 1024K, 2 young (2048K), 2 survivors (2048K)
 Metaspace       used 76090K, committed 76736K, reserved 1179648K
  class space    used 10145K, committed 10432K, reserved 1048576K
}
Event: 16.098 GC heap before
{Heap before GC invocations=19 (full 0):
 garbage-first heap   total 58368K, used 51346K [0x0000000091600000, 0x0000000100000000)
  region size 1024K, 22 young (22528K), 2 survivors (2048K)
 Metaspace       used 78812K, committed 79488K, reserved 1179648K
  class space    used 10543K, committed 10816K, reserved 1048576K
}
Event: 16.104 GC heap after
{Heap after GC invocations=20 (full 0):
 garbage-first heap   total 58368K, used 32454K [0x0000000091600000, 0x0000000100000000)
  region size 1024K, 3 young (3072K), 3 survivors (3072K)
 Metaspace       used 78812K, committed 79488K, reserved 1179648K
  class space    used 10543K, committed 10816K, reserved 1048576K
}
Event: 16.562 GC heap before
{Heap before GC invocations=20 (full 0):
 garbage-first heap   total 58368K, used 49862K [0x0000000091600000, 0x0000000100000000)
  region size 1024K, 20 young (20480K), 3 survivors (3072K)
 Metaspace       used 80055K, committed 80832K, reserved 1179648K
  class space    used 10768K, committed 11136K, reserved 1048576K
}
Event: 16.569 GC heap after
{Heap after GC invocations=21 (full 0):
 garbage-first heap   total 58368K, used 33608K [0x0000000091600000, 0x0000000100000000)
  region size 1024K, 3 young (3072K), 3 survivors (3072K)
 Metaspace       used 80055K, committed 80832K, reserved 1179648K
  class space    used 10768K, committed 11136K, reserved 1048576K
}
Event: 17.106 GC heap before
{Heap before GC invocations=21 (full 0):
 garbage-first heap   total 58368K, used 51016K [0x0000000091600000, 0x0000000100000000)
  region size 1024K, 20 young (20480K), 3 survivors (3072K)
 Metaspace       used 81778K, committed 82560K, reserved 1179648K
  class space    used 11013K, committed 11392K, reserved 1048576K
}
Event: 17.114 GC heap after
{Heap after GC invocations=22 (full 0):
 garbage-first heap   total 58368K, used 34405K [0x0000000091600000, 0x0000000100000000)
  region size 1024K, 3 young (3072K), 3 survivors (3072K)
 Metaspace       used 81778K, committed 82560K, reserved 1179648K
  class space    used 11013K, committed 11392K, reserved 1048576K
}
Event: 17.531 GC heap before
{Heap before GC invocations=23 (full 0):
 garbage-first heap   total 66560K, used 49765K [0x0000000091600000, 0x0000000100000000)
  region size 1024K, 18 young (18432K), 3 survivors (3072K)
 Metaspace       used 82568K, committed 83328K, reserved 1179648K
  class space    used 11161K, committed 11520K, reserved 1048576K
}
Event: 17.537 GC heap after
{Heap after GC invocations=24 (full 0):
 garbage-first heap   total 66560K, used 35545K [0x0000000091600000, 0x0000000100000000)
  region size 1024K, 3 young (3072K), 3 survivors (3072K)
 Metaspace       used 82568K, committed 83328K, reserved 1179648K
  class space    used 11161K, committed 11520K, reserved 1048576K
}
Event: 18.137 GC heap before
{Heap before GC invocations=24 (full 0):
 garbage-first heap   total 66560K, used 57049K [0x0000000091600000, 0x0000000100000000)
  region size 1024K, 25 young (25600K), 3 survivors (3072K)
 Metaspace       used 84736K, committed 85504K, reserved 1179648K
  class space    used 11437K, committed 11776K, reserved 1048576K
}
Event: 18.144 GC heap after
{Heap after GC invocations=25 (full 0):
 garbage-first heap   total 66560K, used 36825K [0x0000000091600000, 0x0000000100000000)
  region size 1024K, 4 young (4096K), 4 survivors (4096K)
 Metaspace       used 84736K, committed 85504K, reserved 1179648K
  class space    used 11437K, committed 11776K, reserved 1048576K
}
Event: 38.055 GC heap before
{Heap before GC invocations=25 (full 0):
 garbage-first heap   total 66560K, used 57305K [0x0000000091600000, 0x0000000100000000)
  region size 1024K, 24 young (24576K), 4 survivors (4096K)
 Metaspace       used 86625K, committed 87360K, reserved 1179648K
  class space    used 11734K, committed 12032K, reserved 1048576K
}
Event: 38.064 GC heap after
{Heap after GC invocations=26 (full 0):
 garbage-first heap   total 66560K, used 38209K [0x0000000091600000, 0x0000000100000000)
  region size 1024K, 2 young (2048K), 2 survivors (2048K)
 Metaspace       used 86625K, committed 87360K, reserved 1179648K
  class space    used 11734K, committed 12032K, reserved 1048576K
}
Event: 39.157 GC heap before
{Heap before GC invocations=27 (full 0):
 garbage-first heap   total 68608K, used 58689K [0x0000000091600000, 0x0000000100000000)
  region size 1024K, 23 young (23552K), 2 survivors (2048K)
 Metaspace       used 90827K, committed 91584K, reserved 1179648K
  class space    used 12314K, committed 12672K, reserved 1048576K
}
Event: 39.164 GC heap after
{Heap after GC invocations=28 (full 0):
 garbage-first heap   total 68608K, used 40845K [0x0000000091600000, 0x0000000100000000)
  region size 1024K, 3 young (3072K), 3 survivors (3072K)
 Metaspace       used 90827K, committed 91584K, reserved 1179648K
  class space    used 12314K, committed 12672K, reserved 1048576K
}
Event: 52.678 GC heap before
{Heap before GC invocations=28 (full 0):
 garbage-first heap   total 68608K, used 60301K [0x0000000091600000, 0x0000000100000000)
  region size 1024K, 23 young (23552K), 3 survivors (3072K)
 Metaspace       used 94835K, committed 95616K, reserved 1179648K
  class space    used 12749K, committed 13120K, reserved 1048576K
}
Event: 52.688 GC heap after
{Heap after GC invocations=29 (full 0):
 garbage-first heap   total 68608K, used 41563K [0x0000000091600000, 0x0000000100000000)
  region size 1024K, 3 young (3072K), 3 survivors (3072K)
 Metaspace       used 94835K, committed 95616K, reserved 1179648K
  class space    used 12749K, committed 13120K, reserved 1048576K
}
Event: 198.189 GC heap before
{Heap before GC invocations=29 (full 0):
 garbage-first heap   total 68608K, used 56923K [0x0000000091600000, 0x0000000100000000)
  region size 1024K, 20 young (20480K), 3 survivors (3072K)
 Metaspace       used 97420K, committed 98176K, reserved 1179648K
  class space    used 13157K, committed 13504K, reserved 1048576K
}
Event: 198.291 GC heap after
{Heap after GC invocations=30 (full 1):
 garbage-first heap   total 68608K, used 30217K [0x0000000091600000, 0x0000000100000000)
  region size 1024K, 0 young (0K), 0 survivors (0K)
 Metaspace       used 97179K, committed 98176K, reserved 1179648K
  class space    used 13098K, committed 13504K, reserved 1048576K
}

